Incoming from JSON: 
2019-12-10 01:50:19	Line:13	
Array
(
    [username] => wan2
    [password] => wan2
)

===========
Incoming from JSON: 
2019-12-10 01:50:41	Line:15	
Array
(
    [id] => 8
    [username] => wan2
    [latitude] => 3.73050200
    [longitude] => 103.12430650
)

===========
Incoming from JSON: 
2019-12-10 01:50:48	Line:15	
Array
(
    [id] => 8
    [username] => wan2
    [latitude] => 3.73036500
    [longitude] => 103.12434760
)

===========
Incoming from JSON: 
2019-12-10 01:50:50	Line:15	
Array
(
    [id] => 8
    [username] => wan2
    [latitude] => 3.73038150
    [longitude] => 103.12430840
)

===========
Incoming from JSON: 
2019-12-10 01:50:50	Line:15	
Array
(
    [id] => 8
    [username] => wan2
    [latitude] => 3.73038150
    [longitude] => 103.12430840
)

===========
Incoming from JSON: 
2019-12-10 01:50:51	Line:15	
Array
(
    [id] => 8
    [username] => wan2
    [latitude] => 3.73039380
    [longitude] => 103.12428390
)

===========
Incoming from JSON: 
2019-12-10 01:50:52	Line:15	
Array
(
    [id] => 8
    [username] => wan2
    [latitude] => 3.73039730
    [longitude] => 103.12427450
)

===========
Incoming from JSON: 
2019-12-10 01:50:52	Line:15	
Array
(
    [id] => 8
    [username] => wan2
    [latitude] => 3.73039730
    [longitude] => 103.12427450
)

===========
Incoming from JSON: 
2019-12-10 01:50:52	Line:15	
Array
(
    [id] => 8
    [username] => wan2
    [latitude] => 3.73040660
    [longitude] => 103.12426390
)

===========
Incoming from JSON: 
2019-12-10 01:50:54	Line:15	
Array
(
    [id] => 8
    [username] => wan2
    [latitude] => 3.73041230
    [longitude] => 103.12426830
)

===========
Incoming from JSON: 
2019-12-10 01:50:54	Line:15	
Array
(
    [id] => 8
    [username] => wan2
    [latitude] => 3.73041230
    [longitude] => 103.12426830
)

===========
Incoming from JSON: 
2019-12-10 01:50:55	Line:15	
Array
(
    [id] => 8
    [username] => wan2
    [latitude] => 3.73040420
    [longitude] => 103.12426020
)

===========
Incoming from JSON: 
2019-12-10 01:50:55	Line:15	
Array
(
    [id] => 8
    [username] => wan2
    [latitude] => 3.73040420
    [longitude] => 103.12426020
)

===========
Incoming from JSON: 
2019-12-10 01:50:56	Line:15	
Array
(
    [id] => 8
    [username] => wan2
    [latitude] => 3.73039370
    [longitude] => 103.12424830
)

===========
Incoming from JSON: 
2019-12-10 01:50:57	Line:15	
Array
(
    [id] => 8
    [username] => wan2
    [latitude] => 3.73038040
    [longitude] => 103.12423910
)

===========
Incoming from JSON: 
2019-12-10 01:50:58	Line:15	
Array
(
    [id] => 8
    [username] => wan2
    [latitude] => 3.73038370
    [longitude] => 103.12423240
)

===========
Incoming from JSON: 
2019-12-10 16:42:16	Line:13	
Array
(
    [username] => rozlina0
    [password] => rozlina0
)

===========
Incoming from JSON: 
2019-12-10 16:42:32	Line:15	
Array
(
    [id] => 9
    [username] => Rozlina0
    [latitude] => 3.72104350
    [longitude] => 103.12499440
)

===========
Incoming from JSON: 
2019-12-10 16:42:32	Line:15	
Array
(
    [id] => 9
    [username] => Rozlina0
    [latitude] => 3.72104350
    [longitude] => 103.12499440
)

===========
Incoming from JSON: 
2019-12-10 16:45:13	Line:13	
Array
(
    [username] => wan1
    [password] => wan1
)

===========
Incoming from JSON: 
2019-12-10 18:02:27	Line:13	
Array
(
    [username] => gui
    [password] => gui
)

===========
Incoming from JSON: 
2019-12-10 18:02:30	Line:15	
Array
(
    [id] => 4
    [username] => gui
    [latitude] => 3.06544840
    [longitude] => 101.48501520
)

===========
Incoming from JSON: 
2019-12-10 18:02:48	Line:13	
Array
(
    [username] => gue
    [password] => gue
)

===========
