Incoming from JSON: 
2019-11-18 01:10:20	Line:13	
Array
(
    [username] => guest1
    [password] => guest1
)

===========
Incoming from JSON: 
2019-11-18 01:13:51	Line:13	
Array
(
    [username] => guest1
    [password] => guest1
)

===========
Incoming from JSON: 
2019-11-18 01:18:55	Line:13	
Array
(
    [username] => guest1
    [password] => guest1
)

===========
Incoming from JSON: 
2019-11-18 01:21:30	Line:13	
Array
(
    [username] => ali@gmail.com
    [password] => def445566
)

===========
Incoming from JSON: 
2019-11-18 02:33:31	Line:13	
Array
(
    [username] => helmi
    [password] => 123456
)

===========
